<?xml version="1.0" encoding="UTF-8"?>
<!-- Generated by org.testng.reporters.JUnitReportReporter -->
<testsuite hostname="DESKTOP-5EVK54D" failures="0" tests="4" name="testngdisc.Keywords" time="0.036" errors="0" timestamp="2023-04-19T19:45:13 IST" skipped="0">
  <testcase classname="testngdisc.Keywords" name="testcase4" time="0.003"/>
  <system-out/>
  <testcase classname="testngdisc.Keywords" name="testcase3" time="0.026"/>
  <system-out/>
  <testcase classname="testngdisc.Keywords" name="testcase1" time="0.005"/>
  <system-out/>
  <testcase classname="testngdisc.Keywords" name="testcase2" time="0.002"/>
  <system-out/>
</testsuite> <!-- testngdisc.Keywords -->
