<?xml version="1.0" encoding="UTF-8"?>
<!-- Generated by org.testng.reporters.JUnitReportReporter -->
<testsuite hostname="DESKTOP-5EVK54D" failures="0" tests="2" name="testngdisc.ParallelTestCaseExecution" time="84.762" errors="0" timestamp="2023-04-24T20:02:38 IST" skipped="0">
  <testcase classname="testngdisc.ParallelTestCaseExecution" name="searchFlight" time="50.230"/>
  <system-out/>
  <testcase classname="testngdisc.ParallelTestCaseExecution" name="getDetails" time="34.532"/>
  <system-out/>
</testsuite> <!-- testngdisc.ParallelTestCaseExecution -->
