<?xml version="1.0" encoding="UTF-8"?>
<!-- Generated by org.testng.reporters.JUnitReportReporter -->
<testsuite hostname="DESKTOP-5EVK54D" failures="0" tests="21" name="testngdisc.DataTest" time="0.109" errors="0" timestamp="2023-04-21T19:55:40 IST" skipped="0">
  <testcase classname="testngdisc.DataTest" name="getDataTest" time="0.008"/>
  <system-out/>
  <testcase classname="testngdisc.DataTest" name="getDataTest" time="0.004"/>
  <system-out/>
  <testcase classname="testngdisc.DataTest" name="getDataTest" time="0.004"/>
  <system-out/>
  <testcase classname="testngdisc.DataTest" name="getDataTest" time="0.002"/>
  <system-out/>
  <testcase classname="testngdisc.DataTest" name="getDataTest" time="0.002"/>
  <system-out/>
  <testcase classname="testngdisc.DataTest" name="getDataTest" time="0.006"/>
  <system-out/>
  <testcase classname="testngdisc.DataTest" name="getDataTest" time="0.002"/>
  <system-out/>
  <testcase classname="testngdisc.DataTest" name="getDataTest" time="0.003"/>
  <system-out/>
  <testcase classname="testngdisc.DataTest" name="getDataTest" time="0.007"/>
  <system-out/>
  <testcase classname="testngdisc.DataTest" name="getDataTest" time="0.002"/>
  <system-out/>
  <testcase classname="testngdisc.DataTest" name="getDataTest" time="0.002"/>
  <system-out/>
  <testcase classname="testngdisc.DataTest" name="getDataTest" time="0.004"/>
  <system-out/>
  <testcase classname="testngdisc.DataTest" name="getDataTest" time="0.005"/>
  <system-out/>
  <testcase classname="testngdisc.DataTest" name="getDataTest" time="0.010"/>
  <system-out/>
  <testcase classname="testngdisc.DataTest" name="getDataTest" time="0.003"/>
  <system-out/>
  <testcase classname="testngdisc.DataTest" name="getDataTest" time="0.001"/>
  <system-out/>
  <testcase classname="testngdisc.DataTest" name="getDataTest" time="0.001"/>
  <system-out/>
  <testcase classname="testngdisc.DataTest" name="getDataTest" time="0.005"/>
  <system-out/>
  <testcase classname="testngdisc.DataTest" name="getDataTest" time="0.014"/>
  <system-out/>
  <testcase classname="testngdisc.DataTest" name="getDataTest" time="0.013"/>
  <system-out/>
  <testcase classname="testngdisc.DataTest" name="getDataTest" time="0.011"/>
  <system-out/>
</testsuite> <!-- testngdisc.DataTest -->
