<?xml version="1.0" encoding="UTF-8"?>
<!-- Generated by org.testng.reporters.JUnitReportReporter -->
<testsuite hostname="DESKTOP-5EVK54D" failures="0" tests="1" name="testclasses.SearchTest" time="9.142" errors="0" timestamp="2023-04-29T20:00:24 IST" skipped="0">
  <testcase classname="testclasses.SearchTest" name="searchValidation" time="9.142"/>
  <system-out/>
</testsuite> <!-- testclasses.SearchTest -->
