<?xml version="1.0" encoding="UTF-8"?>
<!-- Generated by org.testng.reporters.JUnitReportReporter -->
<testsuite hostname="DESKTOP-5EVK54D" failures="0" tests="1" name="testngdisc.ParallelTestCaseExecution" time="57.534" errors="0" timestamp="2023-04-26T19:09:55 IST" skipped="0">
  <testcase classname="testngdisc.ParallelTestCaseExecution" name="searchFlight" time="57.534"/>
  <system-out/>
</testsuite> <!-- testngdisc.ParallelTestCaseExecution -->
