<?xml version="1.0" encoding="UTF-8"?>
<!-- Generated by org.testng.reporters.JUnitReportReporter -->
<testsuite hostname="DESKTOP-5EVK54D" failures="0" tests="1" name="waits.FluentWaitDisc" time="24.694" errors="0" timestamp="2023-04-27T19:49:54 IST" skipped="0">
  <testcase classname="waits.FluentWaitDisc" name="explicitWaitTest" time="24.694"/>
  <system-out/>
</testsuite> <!-- waits.FluentWaitDisc -->
