<?xml version="1.0" encoding="UTF-8"?>
<!-- Generated by org.testng.reporters.JUnitReportReporter -->
<testsuite hostname="DESKTOP-5EVK54D" failures="0" tests="1" name="testngdisc.ParallelClassExecution" time="27.513" errors="0" timestamp="2023-04-26T19:09:55 IST" skipped="0">
  <testcase classname="testngdisc.ParallelClassExecution" name="getDetails" time="27.513"/>
  <system-out/>
</testsuite> <!-- testngdisc.ParallelClassExecution -->
