<?xml version="1.0" encoding="UTF-8"?>
<!-- Generated by org.testng.reporters.JUnitReportReporter -->
<testsuite hostname="DESKTOP-5EVK54D" failures="0" tests="1" name="testngdisc.Annotations" time="0.012" errors="0" timestamp="2023-04-22T19:29:28 IST" skipped="0">
  <testcase classname="testngdisc.Annotations" name="testCase1" time="0.012"/>
  <system-out/>
</testsuite> <!-- testngdisc.Annotations -->
