<?xml version="1.0" encoding="UTF-8"?>
<!-- Generated by org.testng.reporters.JUnitReportReporter -->
<testsuite hostname="DESKTOP-5EVK54D" failures="0" tests="4" name="testngdisc.GroupingOfTestCase" time="0.033" errors="0" timestamp="2023-04-24T19:42:10 IST" skipped="0">
  <testcase classname="testngdisc.GroupingOfTestCase" name="login" time="0.017"/>
  <system-out/>
  <testcase classname="testngdisc.GroupingOfTestCase" name="home" time="0.004"/>
  <system-out/>
  <testcase classname="testngdisc.GroupingOfTestCase" name="profile" time="0.004"/>
  <system-out/>
  <testcase classname="testngdisc.GroupingOfTestCase" name="logout" time="0.008"/>
  <system-out/>
</testsuite> <!-- testngdisc.GroupingOfTestCase -->
