<?xml version="1.0" encoding="UTF-8"?>
<!-- Generated by org.testng.reporters.JUnitReportReporter -->
<testsuite hostname="DESKTOP-5EVK54D" failures="0" tests="1" name="waits.ExplicitWait" time="23.534" errors="0" timestamp="2023-04-27T19:36:57 IST" skipped="0">
  <testcase classname="waits.ExplicitWait" name="explicitWaitTest" time="23.534"/>
  <system-out/>
</testsuite> <!-- waits.ExplicitWait -->
