<?xml version="1.0" encoding="UTF-8"?>
<!-- Generated by org.testng.reporters.JUnitReportReporter -->
<testsuite hostname="DESKTOP-5EVK54D" failures="0" tests="4" name="testngdisc.Parameterization" time="21.005" errors="0" timestamp="2023-04-21T19:13:43 IST" skipped="0">
  <testcase classname="testngdisc.Parameterization" name="launchBrowser" time="10.394"/>
  <system-out/>
  <testcase classname="testngdisc.Parameterization" name="launchBrowser" time="10.603"/>
  <system-out/>
  <testcase classname="testngdisc.Parameterization" name="testCase1" time="0.006"/>
  <system-out/>
  <testcase classname="testngdisc.Parameterization" name="testCase1" time="0.002"/>
  <system-out/>
</testsuite> <!-- testngdisc.Parameterization -->
